Connecting to database specified by database.yml
  [1m[36m (0.3ms)[0m  [1mselect sqlite_version(*)[0m
  [1m[35m (48.6ms)[0m  CREATE TABLE "schema_migrations" ("version" varchar(255) NOT NULL) 
  [1m[36m (15.1ms)[0m  [1mCREATE UNIQUE INDEX "unique_schema_migrations" ON "schema_migrations" ("version")[0m
  [1m[35m (3.4ms)[0m  SELECT "schema_migrations"."version" FROM "schema_migrations" 
Migrating to CreateMovies (20111119180638)
  [1m[36m (0.1ms)[0m  [1mbegin transaction[0m
  [1m[35m (0.8ms)[0m  CREATE TABLE "movies" ("id" INTEGER PRIMARY KEY AUTOINCREMENT NOT NULL, "title" varchar(255), "rating" varchar(255), "description" text, "release_date" datetime, "created_at" datetime NOT NULL, "updated_at" datetime NOT NULL) 
  [1m[36m (0.2ms)[0m  [1mINSERT INTO "schema_migrations" ("version") VALUES ('20111119180638')[0m
  [1m[35m (57.8ms)[0m  commit transaction
  [1m[36m (0.2ms)[0m  [1mSELECT "schema_migrations"."version" FROM "schema_migrations" [0m
Connecting to database specified by database.yml
  [1m[36m (2.2ms)[0m  [1mSELECT "schema_migrations"."version" FROM "schema_migrations" [0m
  [1m[35m (0.1ms)[0m  begin transaction
  [1m[36mSQL (73.8ms)[0m  [1mINSERT INTO "movies" ("created_at", "description", "rating", "release_date", "title", "updated_at") VALUES (?, ?, ?, ?, ?, ?)[0m  [["created_at", Sun, 22 Feb 2015 17:01:16 UTC +00:00], ["description", nil], ["rating", "G"], ["release_date", Wed, 25 Nov 1992 00:00:00 UTC +00:00], ["title", "Aladdin"], ["updated_at", Sun, 22 Feb 2015 17:01:16 UTC +00:00]]
  [1m[35m (41.0ms)[0m  commit transaction
  [1m[36m (0.1ms)[0m  [1mbegin transaction[0m
  [1m[35mSQL (0.5ms)[0m  INSERT INTO "movies" ("created_at", "description", "rating", "release_date", "title", "updated_at") VALUES (?, ?, ?, ?, ?, ?)  [["created_at", Sun, 22 Feb 2015 17:01:16 UTC +00:00], ["description", nil], ["rating", "R"], ["release_date", Fri, 26 Oct 1984 00:00:00 UTC +00:00], ["title", "The Terminator"], ["updated_at", Sun, 22 Feb 2015 17:01:16 UTC +00:00]]
  [1m[36m (15.7ms)[0m  [1mcommit transaction[0m
  [1m[35m (0.1ms)[0m  begin transaction
  [1m[36mSQL (0.4ms)[0m  [1mINSERT INTO "movies" ("created_at", "description", "rating", "release_date", "title", "updated_at") VALUES (?, ?, ?, ?, ?, ?)[0m  [["created_at", Sun, 22 Feb 2015 17:01:16 UTC +00:00], ["description", nil], ["rating", "R"], ["release_date", Fri, 21 Jul 1989 00:00:00 UTC +00:00], ["title", "When Harry Met Sally"], ["updated_at", Sun, 22 Feb 2015 17:01:16 UTC +00:00]]
  [1m[35m (12.7ms)[0m  commit transaction
  [1m[36m (0.1ms)[0m  [1mbegin transaction[0m
  [1m[35mSQL (0.5ms)[0m  INSERT INTO "movies" ("created_at", "description", "rating", "release_date", "title", "updated_at") VALUES (?, ?, ?, ?, ?, ?)  [["created_at", Sun, 22 Feb 2015 17:01:16 UTC +00:00], ["description", nil], ["rating", "PG-13"], ["release_date", Wed, 10 Aug 2011 00:00:00 UTC +00:00], ["title", "The Help"], ["updated_at", Sun, 22 Feb 2015 17:01:16 UTC +00:00]]
  [1m[36m (12.8ms)[0m  [1mcommit transaction[0m
  [1m[35m (0.1ms)[0m  begin transaction
  [1m[36mSQL (0.5ms)[0m  [1mINSERT INTO "movies" ("created_at", "description", "rating", "release_date", "title", "updated_at") VALUES (?, ?, ?, ?, ?, ?)[0m  [["created_at", Sun, 22 Feb 2015 17:01:16 UTC +00:00], ["description", nil], ["rating", "PG-13"], ["release_date", Fri, 05 Jan 2001 00:00:00 UTC +00:00], ["title", "Chocolat"], ["updated_at", Sun, 22 Feb 2015 17:01:16 UTC +00:00]]
  [1m[35m (13.4ms)[0m  commit transaction
  [1m[36m (0.1ms)[0m  [1mbegin transaction[0m
  [1m[35mSQL (0.5ms)[0m  INSERT INTO "movies" ("created_at", "description", "rating", "release_date", "title", "updated_at") VALUES (?, ?, ?, ?, ?, ?)  [["created_at", Sun, 22 Feb 2015 17:01:16 UTC +00:00], ["description", nil], ["rating", "R"], ["release_date", Wed, 25 Apr 2001 00:00:00 UTC +00:00], ["title", "Amelie"], ["updated_at", Sun, 22 Feb 2015 17:01:16 UTC +00:00]]
  [1m[36m (63.4ms)[0m  [1mcommit transaction[0m
  [1m[35m (0.1ms)[0m  begin transaction
  [1m[36mSQL (0.5ms)[0m  [1mINSERT INTO "movies" ("created_at", "description", "rating", "release_date", "title", "updated_at") VALUES (?, ?, ?, ?, ?, ?)[0m  [["created_at", Sun, 22 Feb 2015 17:01:16 UTC +00:00], ["description", nil], ["rating", "G"], ["release_date", Sat, 06 Apr 1968 00:00:00 UTC +00:00], ["title", "2001: A Space Odyssey"], ["updated_at", Sun, 22 Feb 2015 17:01:16 UTC +00:00]]
  [1m[35m (14.0ms)[0m  commit transaction
  [1m[36m (0.1ms)[0m  [1mbegin transaction[0m
  [1m[35mSQL (0.5ms)[0m  INSERT INTO "movies" ("created_at", "description", "rating", "release_date", "title", "updated_at") VALUES (?, ?, ?, ?, ?, ?)  [["created_at", Sun, 22 Feb 2015 17:01:16 UTC +00:00], ["description", nil], ["rating", "PG"], ["release_date", Fri, 05 Nov 2004 00:00:00 UTC +00:00], ["title", "The Incredibles"], ["updated_at", Sun, 22 Feb 2015 17:01:16 UTC +00:00]]
  [1m[36m (15.7ms)[0m  [1mcommit transaction[0m
  [1m[35m (0.1ms)[0m  begin transaction
  [1m[36mSQL (0.5ms)[0m  [1mINSERT INTO "movies" ("created_at", "description", "rating", "release_date", "title", "updated_at") VALUES (?, ?, ?, ?, ?, ?)[0m  [["created_at", Sun, 22 Feb 2015 17:01:16 UTC +00:00], ["description", nil], ["rating", "PG"], ["release_date", Fri, 12 Jun 1981 00:00:00 UTC +00:00], ["title", "Raiders of the Lost Ark"], ["updated_at", Sun, 22 Feb 2015 17:01:16 UTC +00:00]]
  [1m[35m (14.7ms)[0m  commit transaction
  [1m[36m (0.1ms)[0m  [1mbegin transaction[0m
  [1m[35mSQL (0.6ms)[0m  INSERT INTO "movies" ("created_at", "description", "rating", "release_date", "title", "updated_at") VALUES (?, ?, ?, ?, ?, ?)  [["created_at", Sun, 22 Feb 2015 17:01:16 UTC +00:00], ["description", nil], ["rating", "G"], ["release_date", Wed, 21 Jun 2000 00:00:00 UTC +00:00], ["title", "Chicken Run"], ["updated_at", Sun, 22 Feb 2015 17:01:16 UTC +00:00]]
  [1m[36m (16.0ms)[0m  [1mcommit transaction[0m


Started GET "/movies/" for 127.0.0.1 at 2015-02-22 13:01:30 -0400
Connecting to database specified by database.yml
Processing by MoviesController#index as HTML
  [1m[36mMovie Load (6.3ms)[0m  [1mSELECT "movies".* FROM "movies" [0m
  Rendered movies/index.html.haml within layouts/application (22.3ms)
Compiled application.css  (0ms)  (pid 14097)
Compiled jquery.js  (4ms)  (pid 14097)
Compiled jquery_ujs.js  (1ms)  (pid 14097)
Compiled application.js  (131ms)  (pid 14097)
Completed 200 OK in 510.0ms (Views: 364.3ms | ActiveRecord: 11.3ms)


Started GET "/assets/application.css?body=1" for 127.0.0.1 at 2015-02-22 13:01:32 -0400
Served asset /application.css - 200 OK (12ms)


Started GET "/assets/jquery.js?body=1" for 127.0.0.1 at 2015-02-22 13:01:32 -0400
Served asset /jquery.js - 200 OK (14ms)


Started GET "/assets/jquery_ujs.js?body=1" for 127.0.0.1 at 2015-02-22 13:01:32 -0400
Served asset /jquery_ujs.js - 200 OK (8ms)


Started GET "/assets/application.js?body=1" for 127.0.0.1 at 2015-02-22 13:01:32 -0400
Served asset /application.js - 200 OK (24ms)


Started GET "/movies/new" for 127.0.0.1 at 2015-02-22 13:01:36 -0400
Processing by MoviesController#new as HTML
  Rendered movies/new.html.haml within layouts/application (89.3ms)
Completed 200 OK in 122.3ms (Views: 121.5ms | ActiveRecord: 0.0ms)


Started GET "/assets/application.css?body=1" for 127.0.0.1 at 2015-02-22 13:01:36 -0400
Served asset /application.css - 304 Not Modified (21ms)


Started GET "/assets/jquery.js?body=1" for 127.0.0.1 at 2015-02-22 13:01:36 -0400
Served asset /jquery.js - 304 Not Modified (1ms)


Started GET "/assets/jquery_ujs.js?body=1" for 127.0.0.1 at 2015-02-22 13:01:36 -0400
Served asset /jquery_ujs.js - 304 Not Modified (0ms)


Started GET "/assets/application.js?body=1" for 127.0.0.1 at 2015-02-22 13:01:36 -0400
Served asset /application.js - 304 Not Modified (11ms)


Started POST "/movies" for 127.0.0.1 at 2015-02-22 13:01:40 -0400
Processing by MoviesController#create as HTML
  Parameters: {"utf8"=>"✓", "authenticity_token"=>"BT1bXPQih/BKbBbOdjCJZfBapuO2qUwv028YIlUTlzc=", "movie"=>{"title"=>"!!!!!!", "rating"=>"G", "release_date(1i)"=>"2015", "release_date(2i)"=>"2", "release_date(3i)"=>"22"}, "commit"=>"Save Changes"}
  [1m[35m (0.2ms)[0m  begin transaction
  [1m[36mSQL (74.4ms)[0m  [1mINSERT INTO "movies" ("created_at", "description", "rating", "release_date", "title", "updated_at") VALUES (?, ?, ?, ?, ?, ?)[0m  [["created_at", Sun, 22 Feb 2015 17:01:40 UTC +00:00], ["description", nil], ["rating", "G"], ["release_date", Sun, 22 Feb 2015 00:00:00 UTC +00:00], ["title", "!!!!!!"], ["updated_at", Sun, 22 Feb 2015 17:01:40 UTC +00:00]]
  [1m[35m (34.3ms)[0m  commit transaction
Redirected to http://localhost:3000/movies
Completed 302 Found in 117.4ms (ActiveRecord: 108.9ms)


Started GET "/movies" for 127.0.0.1 at 2015-02-22 13:01:40 -0400
Processing by MoviesController#index as HTML
  [1m[36mMovie Load (0.5ms)[0m  [1mSELECT "movies".* FROM "movies" [0m
  Rendered movies/index.html.haml within layouts/application (22.8ms)
Completed 200 OK in 51.4ms (Views: 42.8ms | ActiveRecord: 0.5ms)


Started GET "/assets/application.css?body=1" for 127.0.0.1 at 2015-02-22 13:01:40 -0400
Served asset /application.css - 304 Not Modified (0ms)


Started GET "/assets/jquery.js?body=1" for 127.0.0.1 at 2015-02-22 13:01:40 -0400
Served asset /jquery.js - 304 Not Modified (21ms)


Started GET "/assets/application.js?body=1" for 127.0.0.1 at 2015-02-22 13:01:40 -0400
Served asset /application.js - 304 Not Modified (2ms)


Started GET "/assets/jquery_ujs.js?body=1" for 127.0.0.1 at 2015-02-22 13:01:40 -0400
Served asset /jquery_ujs.js - 304 Not Modified (0ms)


Started GET "/movies/" for 127.0.0.1 at 2015-02-22 13:08:23 -0400
Connecting to database specified by database.yml
Processing by MoviesController#index as HTML
  [1m[36mMovie Load (0.4ms)[0m  [1mSELECT "movies".* FROM "movies" [0m
  Rendered movies/index.html.haml within layouts/application (19.7ms)
Completed 200 OK in 248.4ms (Views: 105.6ms | ActiveRecord: 5.7ms)


Started GET "/assets/application.css?body=1" for 127.0.0.1 at 2015-02-22 13:08:24 -0400
Served asset /application.css - 304 Not Modified (3ms)


Started GET "/assets/jquery.js?body=1" for 127.0.0.1 at 2015-02-22 13:08:24 -0400
Served asset /jquery.js - 304 Not Modified (31ms)


Started GET "/assets/application.js?body=1" for 127.0.0.1 at 2015-02-22 13:08:24 -0400
Served asset /application.js - 304 Not Modified (113ms)


Started GET "/assets/jquery_ujs.js?body=1" for 127.0.0.1 at 2015-02-22 13:08:24 -0400
Served asset /jquery_ujs.js - 304 Not Modified (8ms)


Started GET "/movies/11" for 127.0.0.1 at 2015-02-22 13:08:27 -0400
Processing by MoviesController#show as HTML
  Parameters: {"id"=>"11"}
  [1m[35mMovie Load (1.2ms)[0m  SELECT "movies".* FROM "movies" WHERE "movies"."id" = ? LIMIT 1  [["id", "11"]]
  Rendered movies/show.html.haml within layouts/application (19.9ms)
Completed 200 OK in 53.4ms (Views: 42.4ms | ActiveRecord: 1.2ms)


Started GET "/assets/application.css?body=1" for 127.0.0.1 at 2015-02-22 13:08:27 -0400
Served asset /application.css - 304 Not Modified (4ms)


Started GET "/assets/application.js?body=1" for 127.0.0.1 at 2015-02-22 13:08:27 -0400
Served asset /application.js - 304 Not Modified (3ms)


Started GET "/assets/jquery_ujs.js?body=1" for 127.0.0.1 at 2015-02-22 13:08:27 -0400
Served asset /jquery_ujs.js - 304 Not Modified (0ms)


Started GET "/assets/jquery.js?body=1" for 127.0.0.1 at 2015-02-22 13:08:27 -0400
Served asset /jquery.js - 304 Not Modified (4ms)


Started DELETE "/movies/11" for 127.0.0.1 at 2015-02-22 13:08:30 -0400
Processing by MoviesController#destroy as HTML
  Parameters: {"authenticity_token"=>"BT1bXPQih/BKbBbOdjCJZfBapuO2qUwv028YIlUTlzc=", "id"=>"11"}
  [1m[36mMovie Load (0.2ms)[0m  [1mSELECT "movies".* FROM "movies" WHERE "movies"."id" = ? LIMIT 1[0m  [["id", "11"]]
  [1m[35m (0.1ms)[0m  begin transaction
  [1m[36mSQL (13.5ms)[0m  [1mDELETE FROM "movies" WHERE "movies"."id" = ?[0m  [["id", 11]]
  [1m[35m (29.9ms)[0m  commit transaction
Redirected to http://localhost:3000/movies
Completed 302 Found in 49.4ms (ActiveRecord: 43.7ms)


Started GET "/movies" for 127.0.0.1 at 2015-02-22 13:08:30 -0400
Processing by MoviesController#index as HTML
  [1m[36mMovie Load (0.4ms)[0m  [1mSELECT "movies".* FROM "movies" [0m
  Rendered movies/index.html.haml within layouts/application (11.6ms)
Completed 200 OK in 52.4ms (Views: 49.8ms | ActiveRecord: 0.4ms)


Started GET "/assets/application.css?body=1" for 127.0.0.1 at 2015-02-22 13:08:30 -0400
Served asset /application.css - 304 Not Modified (25ms)


Started GET "/assets/application.js?body=1" for 127.0.0.1 at 2015-02-22 13:08:31 -0400
Served asset /application.js - 304 Not Modified (2ms)


Started GET "/assets/jquery_ujs.js?body=1" for 127.0.0.1 at 2015-02-22 13:08:31 -0400
Served asset /jquery_ujs.js - 304 Not Modified (4ms)


Started GET "/assets/jquery.js?body=1" for 127.0.0.1 at 2015-02-22 13:08:31 -0400
Served asset /jquery.js - 304 Not Modified (2ms)
